<?xml version="1.0" encoding="UTF-8"?>
<!-- Generated by org.testng.reporters.JUnitXMLReporter -->
<testsuite ignored="0" hostname="CHETUIWK1117" failures="9" tests="28" name="Test" time="146.184" errors="0" timestamp="2022-02-17T17:03:31 IST">
  <testcase classname="com.qa.pages.Settlement" name="@AfterTest tearDown" time="0.592">
    <failure type="org.openqa.selenium.NoSuchSessionException" message="invalid session id
Build info: version: &amp;apos;3.141.59&amp;apos;, revision: &amp;apos;e82be7d358&amp;apos;, time: &amp;apos;2018-11-14T08:25:48&amp;apos;
System info: host: &amp;apos;CHETUIWK1117&amp;apos;, ip: &amp;apos;172.16.43.196&amp;apos;, os.name: &amp;apos;Windows 10&amp;apos;, os.arch: &amp;apos;amd64&amp;apos;, os.version: &amp;apos;10.0&amp;apos;, java.version: &amp;apos;16.0.1&amp;apos;
Driver info: org.openqa.selenium.chrome.ChromeDriver
Capabilities {acceptInsecureCerts: false, browserName: chrome, browserVersion: 98.0.4758.102, chrome: {chromedriverVersion: 97.0.4692.71 (adefa7837d02a..., userDataDir: C:\Users\ABHISH~1\AppData\L...}, goog:chromeOptions: {debuggerAddress: localhost:53433}, javascriptEnabled: true, networkConnectionEnabled: false, pageLoadStrategy: normal, platform: WINDOWS, platformName: WINDOWS, proxy: Proxy(), setWindowRect: true, strictFileInteractability: false, timeouts: {implicit: 0, pageLoad: 300000, script: 30000}, unhandledPromptBehavior: dismiss and notify, webauthn:extension:credBlob: true, webauthn:extension:largeBlob: true, webauthn:virtualAuthenticators: true}
Session ID: dfe2635a35681e89d9663b1f91da36ed">
      <![CDATA[org.openqa.selenium.NoSuchSessionException: invalid session id
Build info: version: '3.141.59', revision: 'e82be7d358', time: '2018-11-14T08:25:48'
System info: host: 'CHETUIWK1117', ip: '172.16.43.196', os.name: 'Windows 10', os.arch: 'amd64', os.version: '10.0', java.version: '16.0.1'
Driver info: org.openqa.selenium.chrome.ChromeDriver
Capabilities {acceptInsecureCerts: false, browserName: chrome, browserVersion: 98.0.4758.102, chrome: {chromedriverVersion: 97.0.4692.71 (adefa7837d02a..., userDataDir: C:\Users\ABHISH~1\AppData\L...}, goog:chromeOptions: {debuggerAddress: localhost:53433}, javascriptEnabled: true, networkConnectionEnabled: false, pageLoadStrategy: normal, platform: WINDOWS, platformName: WINDOWS, proxy: Proxy(), setWindowRect: true, strictFileInteractability: false, timeouts: {implicit: 0, pageLoad: 300000, script: 30000}, unhandledPromptBehavior: dismiss and notify, webauthn:extension:credBlob: true, webauthn:extension:largeBlob: true, webauthn:virtualAuthenticators: true}
Session ID: dfe2635a35681e89d9663b1f91da36ed
at org.openqa.selenium.remote.http.W3CHttpResponseCodec.createException(W3CHttpResponseCodec.java:187)
at org.openqa.selenium.remote.http.W3CHttpResponseCodec.decode(W3CHttpResponseCodec.java:122)
at org.openqa.selenium.remote.http.W3CHttpResponseCodec.decode(W3CHttpResponseCodec.java:49)
at org.openqa.selenium.remote.HttpCommandExecutor.execute(HttpCommandExecutor.java:158)
at org.openqa.selenium.remote.service.DriverCommandExecutor.execute(DriverCommandExecutor.java:83)
at org.openqa.selenium.remote.RemoteWebDriver.execute(RemoteWebDriver.java:552)
at org.openqa.selenium.remote.RemoteWebDriver.execute(RemoteWebDriver.java:609)
at org.openqa.selenium.remote.RemoteWebDriver.close(RemoteWebDriver.java:442)
at com.qa.pages.Settlement.tearDown(Settlement.java:189)
... Removed 29 stack frames]]>
    </failure>
  </testcase> <!-- @AfterTest tearDown -->
  <testcase classname="com.qa.pages.TaskWorkFlow" name="@AfterTest tearDown" time="-1.645097611482E9">
    <skipped/>
  </testcase> <!-- @AfterTest tearDown -->
  <testcase classname="com.qa.pages.Dashboard" name="VerifyTitle" time="3.048">
    <failure type="java.lang.AssertionError" message="expected [Snapshot] but found [Snapshot | Dashboard]">
      <![CDATA[java.lang.AssertionError: expected [Snapshot] but found [Snapshot | Dashboard]
at com.qa.pages.Dashboard.VerifyTitle(Dashboard.java:46)
at java.base/java.util.ArrayList.forEach(ArrayList.java:1511)
... Removed 33 stack frames]]>
    </failure>
  </testcase> <!-- VerifyTitle -->
  <testcase classname="com.qa.pages.Dashboard" name="VerifyLogin" time="7.011"/>
  <testcase classname="com.qa.pages.Dashboard" name="verifyDashboardTitle" time="0.026"/>
  <testcase classname="com.qa.pages.Dashboard" name="verifyMenuCollapse" time="0.081"/>
  <testcase classname="com.qa.pages.Dashboard" name="verifyMenuExpand" time="2.317"/>
  <testcase classname="com.qa.pages.Dashboard" name="verifySearchbyClientName" time="24.519">
    <failure type="org.openqa.selenium.NoSuchElementException" message="no such element: Unable to locate element: {&amp;quot;method&amp;quot;:&amp;quot;xpath&amp;quot;,&amp;quot;selector&amp;quot;:&amp;quot;//tbody/tr[2]/td[2]&amp;quot;}
  (Session info: chrome=98.0.4758.102)
For documentation on this error, please visit: https://www.seleniumhq.org/exceptions/no_such_element.html
Build info: version: &amp;apos;3.141.59&amp;apos;, revision: &amp;apos;e82be7d358&amp;apos;, time: &amp;apos;2018-11-14T08:25:48&amp;apos;
System info: host: &amp;apos;CHETUIWK1117&amp;apos;, ip: &amp;apos;172.16.43.196&amp;apos;, os.name: &amp;apos;Windows 10&amp;apos;, os.arch: &amp;apos;amd64&amp;apos;, os.version: &amp;apos;10.0&amp;apos;, java.version: &amp;apos;16.0.1&amp;apos;
Driver info: org.openqa.selenium.chrome.ChromeDriver
Capabilities {acceptInsecureCerts: false, browserName: chrome, browserVersion: 98.0.4758.102, chrome: {chromedriverVersion: 97.0.4692.71 (adefa7837d02a..., userDataDir: C:\Users\ABHISH~1\AppData\L...}, goog:chromeOptions: {debuggerAddress: localhost:53433}, javascriptEnabled: true, networkConnectionEnabled: false, pageLoadStrategy: normal, platform: WINDOWS, platformName: WINDOWS, proxy: Proxy(), setWindowRect: true, strictFileInteractability: false, timeouts: {implicit: 0, pageLoad: 300000, script: 30000}, unhandledPromptBehavior: dismiss and notify, webauthn:extension:credBlob: true, webauthn:extension:largeBlob: true, webauthn:virtualAuthenticators: true}
Session ID: dfe2635a35681e89d9663b1f91da36ed
*** Element info: {Using=xpath, value=//tbody/tr[2]/td[2]}">
      <![CDATA[org.openqa.selenium.NoSuchElementException: no such element: Unable to locate element: {"method":"xpath","selector":"//tbody/tr[2]/td[2]"}
  (Session info: chrome=98.0.4758.102)
For documentation on this error, please visit: https://www.seleniumhq.org/exceptions/no_such_element.html
Build info: version: '3.141.59', revision: 'e82be7d358', time: '2018-11-14T08:25:48'
System info: host: 'CHETUIWK1117', ip: '172.16.43.196', os.name: 'Windows 10', os.arch: 'amd64', os.version: '10.0', java.version: '16.0.1'
Driver info: org.openqa.selenium.chrome.ChromeDriver
Capabilities {acceptInsecureCerts: false, browserName: chrome, browserVersion: 98.0.4758.102, chrome: {chromedriverVersion: 97.0.4692.71 (adefa7837d02a..., userDataDir: C:\Users\ABHISH~1\AppData\L...}, goog:chromeOptions: {debuggerAddress: localhost:53433}, javascriptEnabled: true, networkConnectionEnabled: false, pageLoadStrategy: normal, platform: WINDOWS, platformName: WINDOWS, proxy: Proxy(), setWindowRect: true, strictFileInteractability: false, timeouts: {implicit: 0, pageLoad: 300000, script: 30000}, unhandledPromptBehavior: dismiss and notify, webauthn:extension:credBlob: true, webauthn:extension:largeBlob: true, webauthn:virtualAuthenticators: true}
Session ID: dfe2635a35681e89d9663b1f91da36ed
*** Element info: {Using=xpath, value=//tbody/tr[2]/td[2]}
at org.openqa.selenium.remote.http.W3CHttpResponseCodec.createException(W3CHttpResponseCodec.java:187)
at org.openqa.selenium.remote.http.W3CHttpResponseCodec.decode(W3CHttpResponseCodec.java:122)
at org.openqa.selenium.remote.http.W3CHttpResponseCodec.decode(W3CHttpResponseCodec.java:49)
at org.openqa.selenium.remote.HttpCommandExecutor.execute(HttpCommandExecutor.java:158)
at org.openqa.selenium.remote.service.DriverCommandExecutor.execute(DriverCommandExecutor.java:83)
at org.openqa.selenium.remote.RemoteWebDriver.execute(RemoteWebDriver.java:552)
at org.openqa.selenium.remote.RemoteWebDriver.findElement(RemoteWebDriver.java:323)
at org.openqa.selenium.remote.RemoteWebDriver.findElementByXPath(RemoteWebDriver.java:428)
at org.openqa.selenium.By$ByXPath.findElement(By.java:353)
at org.openqa.selenium.remote.RemoteWebDriver.findElement(RemoteWebDriver.java:315)
at com.qa.pages.Dashboard.verifySearchbyClientName(Dashboard.java:91)
at java.base/java.util.ArrayList.forEach(ArrayList.java:1511)
... Removed 32 stack frames]]>
    </failure>
  </testcase> <!-- verifySearchbyClientName -->
  <testcase classname="com.qa.pages.Dashboard" name="verifySearchbyLocation" time="2.344">
    <failure type="java.lang.AssertionError" message="expected [USA] but found [California]">
      <![CDATA[java.lang.AssertionError: expected [USA] but found [California]
at com.qa.pages.Dashboard.verifySearchbyLocation(Dashboard.java:106)
at java.base/java.util.ArrayList.forEach(ArrayList.java:1511)
... Removed 33 stack frames]]>
    </failure>
  </testcase> <!-- verifySearchbyLocation -->
  <testcase classname="com.qa.pages.Dashboard" name="verifySearchbyParallegal" time="2.285">
    <failure type="java.lang.AssertionError" message="expected [Rebecca Pontillo] but found []">
      <![CDATA[java.lang.AssertionError: expected [Rebecca Pontillo] but found []
at com.qa.pages.Dashboard.verifySearchbyParallegal(Dashboard.java:121)
at java.base/java.util.ArrayList.forEach(ArrayList.java:1511)
... Removed 33 stack frames]]>
    </failure>
  </testcase> <!-- verifySearchbyParallegal -->
  <testcase classname="com.qa.pages.Dashboard" name="verifySearchbyStatus" time="2.303">
    <failure type="java.lang.AssertionError" message="expected [Closed] but found []">
      <![CDATA[java.lang.AssertionError: expected [Closed] but found []
at com.qa.pages.Dashboard.verifySearchbyStatus(Dashboard.java:136)
at java.base/java.util.ArrayList.forEach(ArrayList.java:1511)
... Removed 33 stack frames]]>
    </failure>
  </testcase> <!-- verifySearchbyStatus -->
  <testcase classname="com.qa.pages.Dashboard" name="DownloadExcelSheet" time="4.561"/>
  <testcase classname="com.qa.pages.Settlement" name="VerifySearchByDesc" time="23.222"/>
  <testcase classname="com.qa.pages.Settlement" name="verifySettlementTitle" time="0.027"/>
  <testcase classname="com.qa.pages.Settlement" name="VerifySearchByGrossSettlement" time="0.807">
    <failure type="java.lang.AssertionError" message="expected [$ 5000.00] but found [$ 82000.00]">
      <![CDATA[java.lang.AssertionError: expected [$ 5000.00] but found [$ 82000.00]
at com.qa.pages.Settlement.VerifySearchByGrossSettlement(Settlement.java:77)
at java.base/java.util.ArrayList.forEach(ArrayList.java:1511)
... Removed 33 stack frames]]>
    </failure>
  </testcase> <!-- VerifySearchByGrossSettlement -->
  <testcase classname="com.qa.pages.Settlement" name="VerifySearchByHermanLawFee" time="0.219">
    <failure type="java.lang.AssertionError" message="expected [$ 5000.00] but found [$ 82000.00]">
      <![CDATA[java.lang.AssertionError: expected [$ 5000.00] but found [$ 82000.00]
at com.qa.pages.Settlement.VerifySearchByHermanLawFee(Settlement.java:93)
at java.base/java.util.ArrayList.forEach(ArrayList.java:1511)
... Removed 33 stack frames]]>
    </failure>
  </testcase> <!-- VerifySearchByHermanLawFee -->
  <testcase classname="com.qa.pages.Settlement" name="verifyExportAll" time="11.624"/>
  <testcase classname="com.qa.pages.Settlement" name="verifyPrint" time="9.676"/>
  <testcase classname="com.qa.pages.Settlement" name="verifyShowEntris" time="5.451">
    <failure type="java.lang.AssertionError" message="expected [Showing1to500of4,042entries(filteredfrom500totalentries)] but found [Showing1to100of4,037entries(filteredfrom100totalentries)]">
      <![CDATA[java.lang.AssertionError: expected [Showing1to500of4,042entries(filteredfrom500totalentries)] but found [Showing1to100of4,037entries(filteredfrom100totalentries)]
at com.qa.pages.Settlement.verifyShowEntris(Settlement.java:149)
at java.base/java.util.ArrayList.forEach(ArrayList.java:1511)
... Removed 33 stack frames]]>
    </failure>
  </testcase> <!-- verifyShowEntris -->
  <testcase classname="com.qa.pages.Settlement" name="verifyMatterLink" time="14.742"/>
  <testcase classname="com.qa.pages.TaskWorkFlow" name="VerifyTaskWorkFlowLink" time="3.353"/>
  <testcase classname="com.qa.pages.TaskWorkFlow" name="verifyLabel" time="0.208"/>
  <testcase classname="com.qa.pages.TaskWorkFlow" name="VerifySearchByDesc" time="2.386"/>
  <testcase classname="com.qa.pages.TaskWorkFlow" name="VerifySearchByClientName" time="0.162"/>
  <testcase classname="com.qa.pages.TaskWorkFlow" name="VerifySearchByLocation" time="0.153"/>
  <testcase classname="com.qa.pages.TaskWorkFlow" name="VerifySearchByResponsibleAttorneyName" time="0.129"/>
  <testcase classname="com.qa.pages.TaskWorkFlow" name="VerifySearchByOpenDate" time="0.137"/>
  <testcase classname="com.qa.pages.TaskWorkFlow" name="VerifySearchByParalegal" time="0.134">
    <failure type="java.lang.AssertionError" message="expected [Rebecca Pontillo] but found [Julissa Grullon]">
      <![CDATA[java.lang.AssertionError: expected [Rebecca Pontillo] but found [Julissa Grullon]
at com.qa.pages.TaskWorkFlow.VerifySearchByParalegal(TaskWorkFlow.java:137)
at java.base/java.util.ArrayList.forEach(ArrayList.java:1511)
... Removed 33 stack frames]]>
    </failure>
  </testcase> <!-- VerifySearchByParalegal -->
  <testcase classname="com.qa.pages.TaskWorkFlow" name="VerifySearchByPracticeArea" time="0.116"/>
  <testcase classname="com.qa.pages.TaskWorkFlow" name="VerifySearchByCaseType" time="0.16"/>
</testsuite> <!-- Test -->
